<?xml version="1.0" encoding="UTF-8"?>
<testsuite name="com.CrossingGuardJoe.ViewerTest.GameViewerTest" tests="4" skipped="0" failures="0" errors="0" timestamp="2023-12-14T23:15:36" hostname="chill" time="0.067">
  <properties/>
  <testcase name="roadItems()" classname="com.CrossingGuardJoe.ViewerTest.GameViewerTest" time="0.009"/>
  <testcase name="roadLines()" classname="com.CrossingGuardJoe.ViewerTest.GameViewerTest" time="0.03"/>
  <testcase name="drawElements()" classname="com.CrossingGuardJoe.ViewerTest.GameViewerTest" time="0.013"/>
  <testcase name="HUD()" classname="com.CrossingGuardJoe.ViewerTest.GameViewerTest" time="0.012"/>
  <system-out><![CDATA[]]></system-out>
  <system-err><![CDATA[]]></system-err>
</testsuite>
