<?xml version="1.0" encoding="UTF-8"?>
<testsuite name="com.CrossingGuardJoe.ModelTest.menu.InstructionsMenuTest" tests="5" skipped="0" failures="0" errors="0" timestamp="2023-12-14T23:15:36" hostname="chill" time="0.018">
  <properties/>
  <testcase name="testNavigateLeftAtFirstPage()" classname="com.CrossingGuardJoe.ModelTest.menu.InstructionsMenuTest" time="0.002"/>
  <testcase name="testNavigateLeft()" classname="com.CrossingGuardJoe.ModelTest.menu.InstructionsMenuTest" time="0.003"/>
  <testcase name="testNavigateUpAndDown()" classname="com.CrossingGuardJoe.ModelTest.menu.InstructionsMenuTest" time="0.003"/>
  <testcase name="testNavigateRightAtLastPage()" classname="com.CrossingGuardJoe.ModelTest.menu.InstructionsMenuTest" time="0.002"/>
  <testcase name="testNavigateRight()" classname="com.CrossingGuardJoe.ModelTest.menu.InstructionsMenuTest" time="0.002"/>
  <system-out><![CDATA[]]></system-out>
  <system-err><![CDATA[]]></system-err>
</testsuite>
