<?xml version="1.0" encoding="UTF-8"?>
<testsuite name="com.CrossingGuardJoe.ControllerTest.game.elements.KidControllerTest" tests="11" skipped="0" failures="0" errors="0" timestamp="2023-12-14T23:15:34" hostname="chill" time="0.22">
  <properties/>
  <testcase name="checkCountToNextLevel()" classname="com.CrossingGuardJoe.ControllerTest.game.elements.KidControllerTest" time="0.075"/>
  <testcase name="checkPointsTest()" classname="com.CrossingGuardJoe.ControllerTest.game.elements.KidControllerTest" time="0.018"/>
  <testcase name="kidPassTest()" classname="com.CrossingGuardJoe.ControllerTest.game.elements.KidControllerTest" time="0.016"/>
  <testcase name="kidStopTest()" classname="com.CrossingGuardJoe.ControllerTest.game.elements.KidControllerTest" time="0.018"/>
  <testcase name="nextLevelNumberKidsTest()" classname="com.CrossingGuardJoe.ControllerTest.game.elements.KidControllerTest" time="0.009"/>
  <testcase name="inMinDistanceTest()" classname="com.CrossingGuardJoe.ControllerTest.game.elements.KidControllerTest" time="0.008"/>
  <testcase name="repositionQueueTest()" classname="com.CrossingGuardJoe.ControllerTest.game.elements.KidControllerTest" time="0.01"/>
  <testcase name="kidHitByCarTest()" classname="com.CrossingGuardJoe.ControllerTest.game.elements.KidControllerTest" time="0.008"/>
  <testcase name="canContinueWalkTest()" classname="com.CrossingGuardJoe.ControllerTest.game.elements.KidControllerTest" time="0.009"/>
  <testcase name="stopKidWhenNearJoeTest()" classname="com.CrossingGuardJoe.ControllerTest.game.elements.KidControllerTest" time="0.01"/>
  <testcase name="kidWalkTest()" classname="com.CrossingGuardJoe.ControllerTest.game.elements.KidControllerTest" time="0.019"/>
  <system-out><![CDATA[]]></system-out>
  <system-err><![CDATA[]]></system-err>
</testsuite>
