<?xml version="1.0" encoding="UTF-8"?>
<testsuite name="com.CrossingGuardJoe.ControllerTest.game.elements.JoeControllerTest" tests="3" skipped="0" failures="0" errors="0" timestamp="2023-12-14T23:15:34" hostname="chill" time="0.038">
  <properties/>
  <testcase name="cannotGoThrough()" classname="com.CrossingGuardJoe.ControllerTest.game.elements.JoeControllerTest" time="0.006"/>
  <testcase name="nextActionTest()" classname="com.CrossingGuardJoe.ControllerTest.game.elements.JoeControllerTest" time="0.023"/>
  <testcase name="cancelMove()" classname="com.CrossingGuardJoe.ControllerTest.game.elements.JoeControllerTest" time="0.006"/>
  <system-out><![CDATA[]]></system-out>
  <system-err><![CDATA[]]></system-err>
</testsuite>
