<?xml version="1.0" encoding="UTF-8"?>
<testsuite name="com.CrossingGuardJoe.ModelTest.game.RoadTest" tests="6" skipped="0" failures="0" errors="0" timestamp="2023-12-14T23:15:35" hostname="chill" time="0.036">
  <properties/>
  <testcase name="testSetKidsNextLevel()" classname="com.CrossingGuardJoe.ModelTest.game.RoadTest" time="0.004"/>
  <testcase name="testGetCurrentLevel()" classname="com.CrossingGuardJoe.ModelTest.game.RoadTest" time="0.002"/>
  <testcase name="testIsGameEnded()" classname="com.CrossingGuardJoe.ModelTest.game.RoadTest" time="0.001"/>
  <testcase name="testSetCars()" classname="com.CrossingGuardJoe.ModelTest.game.RoadTest" time="0.001"/>
  <testcase name="testSetKids()" classname="com.CrossingGuardJoe.ModelTest.game.RoadTest" time="0.001"/>
  <testcase name="testSetJoe()" classname="com.CrossingGuardJoe.ModelTest.game.RoadTest" time="0.001"/>
  <system-out><![CDATA[]]></system-out>
  <system-err><![CDATA[]]></system-err>
</testsuite>
