<?xml version="1.0" encoding="UTF-8"?>
<testsuite name="com.CrossingGuardJoe.ModelTest.menu.ColorPaletteMenuTest" tests="5" skipped="0" failures="0" errors="0" timestamp="2023-12-14T23:15:35" hostname="chill" time="0.017">
  <properties/>
  <testcase name="testResetSelectedColorIndex()" classname="com.CrossingGuardJoe.ModelTest.menu.ColorPaletteMenuTest" time="0.003"/>
  <testcase name="testNavigateLeft()" classname="com.CrossingGuardJoe.ModelTest.menu.ColorPaletteMenuTest" time="0.001"/>
  <testcase name="testColorPaletteMenuCreation()" classname="com.CrossingGuardJoe.ModelTest.menu.ColorPaletteMenuTest" time="0.001"/>
  <testcase name="testNavigateUpAndDown()" classname="com.CrossingGuardJoe.ModelTest.menu.ColorPaletteMenuTest" time="0.003"/>
  <testcase name="testNavigateRight()" classname="com.CrossingGuardJoe.ModelTest.menu.ColorPaletteMenuTest" time="0.002"/>
  <system-out><![CDATA[]]></system-out>
  <system-err><![CDATA[]]></system-err>
</testsuite>
