<?xml version="1.0" encoding="UTF-8"?>
<testsuite name="com.CrossingGuardJoe.StatesTest.GameStateTest" tests="2" skipped="0" failures="0" errors="0" timestamp="2023-12-14T23:15:36" hostname="chill" time="0.013">
  <properties/>
  <testcase name="testGetController()" classname="com.CrossingGuardJoe.StatesTest.GameStateTest" time="0.009"/>
  <testcase name="testGetViewer()" classname="com.CrossingGuardJoe.StatesTest.GameStateTest" time="0.002"/>
  <system-out><![CDATA[]]></system-out>
  <system-err><![CDATA[]]></system-err>
</testsuite>
