<?xml version="1.0" encoding="UTF-8"?>
<testsuite name="com.CrossingGuardJoe.ViewerTest.menu.GameOverViewerTest" tests="5" skipped="0" failures="0" errors="0" timestamp="2023-12-14T23:15:36" hostname="chill" time="0.035">
  <properties/>
  <testcase name="drawElements()" classname="com.CrossingGuardJoe.ViewerTest.menu.GameOverViewerTest" time="0.007"/>
  <testcase name="win()" classname="com.CrossingGuardJoe.ViewerTest.menu.GameOverViewerTest" time="0.003"/>
  <testcase name="lose()" classname="com.CrossingGuardJoe.ViewerTest.menu.GameOverViewerTest" time="0.003"/>
  <testcase name="informationLoseDraw()" classname="com.CrossingGuardJoe.ViewerTest.menu.GameOverViewerTest" time="0.009"/>
  <testcase name="informationWinDraw()" classname="com.CrossingGuardJoe.ViewerTest.menu.GameOverViewerTest" time="0.011"/>
  <system-out><![CDATA[]]></system-out>
  <system-err><![CDATA[]]></system-err>
</testsuite>
