<?xml version="1.0" encoding="UTF-8"?>
<testsuite name="com.CrossingGuardJoe.ViewerTest.FontViewTest" tests="3" skipped="0" failures="0" errors="0" timestamp="2023-12-14T23:15:36" hostname="chill" time="0.01">
  <properties/>
  <testcase name="testUnsupportedInputType()" classname="com.CrossingGuardJoe.ViewerTest.FontViewTest" time="0.006"/>
  <testcase name="textImage()" classname="com.CrossingGuardJoe.ViewerTest.FontViewTest" time="0.001"/>
  <testcase name="numberImage()" classname="com.CrossingGuardJoe.ViewerTest.FontViewTest" time="0.001"/>
  <system-out><![CDATA[]]></system-out>
  <system-err><![CDATA[]]></system-err>
</testsuite>
