<?xml version="1.0" encoding="UTF-8"?>
<testsuite name="com.CrossingGuardJoe.ViewerTest.elements.CarViewTest" tests="1" skipped="0" failures="0" errors="0" timestamp="2023-12-14T23:15:36" hostname="chill" time="0.047">
  <properties/>
  <testcase name="draw()" classname="com.CrossingGuardJoe.ViewerTest.elements.CarViewTest" time="0.047"/>
  <system-out><![CDATA[]]></system-out>
  <system-err><![CDATA[]]></system-err>
</testsuite>
