<?xml version="1.0" encoding="UTF-8"?>
<testsuite name="com.CrossingGuardJoe.ModelTest.game.elements.JoeTest" tests="13" skipped="0" failures="0" errors="0" timestamp="2023-12-14T23:15:35" hostname="chill" time="0.049">
  <properties/>
  <testcase name="testInitialScoreAndHearts()" classname="com.CrossingGuardJoe.ModelTest.game.elements.JoeTest" time="0.001"/>
  <testcase name="testRemoveHeart()" classname="com.CrossingGuardJoe.ModelTest.game.elements.JoeTest" time="0.002"/>
  <testcase name="testStopWalking()" classname="com.CrossingGuardJoe.ModelTest.game.elements.JoeTest" time="0.001"/>
  <testcase name="testAddScore()" classname="com.CrossingGuardJoe.ModelTest.game.elements.JoeTest" time="0.003"/>
  <testcase name="testSetFirstHalfOfMovement()" classname="com.CrossingGuardJoe.ModelTest.game.elements.JoeTest" time="0.001"/>
  <testcase name="testStartRaisingPassSign()" classname="com.CrossingGuardJoe.ModelTest.game.elements.JoeTest" time="0.002"/>
  <testcase name="testStartWalkingToRight()" classname="com.CrossingGuardJoe.ModelTest.game.elements.JoeTest" time="0.002"/>
  <testcase name="testIsHitLeft()" classname="com.CrossingGuardJoe.ModelTest.game.elements.JoeTest" time="0.002"/>
  <testcase name="testStartRaisingStopSign()" classname="com.CrossingGuardJoe.ModelTest.game.elements.JoeTest" time="0.003"/>
  <testcase name="testIsHitRight()" classname="com.CrossingGuardJoe.ModelTest.game.elements.JoeTest" time="0.001"/>
  <testcase name="testNotHit()" classname="com.CrossingGuardJoe.ModelTest.game.elements.JoeTest" time="0.002"/>
  <testcase name="testStartWalkingToLeft()" classname="com.CrossingGuardJoe.ModelTest.game.elements.JoeTest" time="0.002"/>
  <testcase name="testCountHitPoints()" classname="com.CrossingGuardJoe.ModelTest.game.elements.JoeTest" time="0.002"/>
  <system-out><![CDATA[]]></system-out>
  <system-err><![CDATA[]]></system-err>
</testsuite>
