<?xml version="1.0" encoding="UTF-8"?>
<testsuite name="com.CrossingGuardJoe.ModelTest.menu.CustomizeMenuTest" tests="6" skipped="0" failures="0" errors="0" timestamp="2023-12-14T23:15:36" hostname="chill" time="0.019">
  <properties/>
  <testcase name="testSetColorPaletteSelected()" classname="com.CrossingGuardJoe.ModelTest.menu.CustomizeMenuTest" time="0.002"/>
  <testcase name="testOptionSelection()" classname="com.CrossingGuardJoe.ModelTest.menu.CustomizeMenuTest" time="0.003"/>
  <testcase name="testColorChange()" classname="com.CrossingGuardJoe.ModelTest.menu.CustomizeMenuTest" time="0.003"/>
  <testcase name="testGetSelectedColorChar()" classname="com.CrossingGuardJoe.ModelTest.menu.CustomizeMenuTest" time="0.002"/>
  <testcase name="testGetDefinedColors()" classname="com.CrossingGuardJoe.ModelTest.menu.CustomizeMenuTest" time="0.002"/>
  <testcase name="testGetMenuLevels()" classname="com.CrossingGuardJoe.ModelTest.menu.CustomizeMenuTest" time="0.002"/>
  <system-out><![CDATA[]]></system-out>
  <system-err><![CDATA[]]></system-err>
</testsuite>
