<?xml version="1.0" encoding="UTF-8"?>
<testsuite name="com.CrossingGuardJoe.ViewerTest.elements.JoeViewTest" tests="9" skipped="0" failures="0" errors="0" timestamp="2023-12-14T23:15:36" hostname="chill" time="0.077">
  <properties/>
  <testcase name="drawWalkRightSecondHalf()" classname="com.CrossingGuardJoe.ViewerTest.elements.JoeViewTest" time="0.019"/>
  <testcase name="drawWalkRightFirstHalf()" classname="com.CrossingGuardJoe.ViewerTest.elements.JoeViewTest" time="0.008"/>
  <testcase name="drawPass()" classname="com.CrossingGuardJoe.ViewerTest.elements.JoeViewTest" time="0.005"/>
  <testcase name="drawRaisingStop()" classname="com.CrossingGuardJoe.ViewerTest.elements.JoeViewTest" time="0.006"/>
  <testcase name="drawWalkLeftSecondHalf()" classname="com.CrossingGuardJoe.ViewerTest.elements.JoeViewTest" time="0.006"/>
  <testcase name="drawWalkLeftFirstHalf()" classname="com.CrossingGuardJoe.ViewerTest.elements.JoeViewTest" time="0.013"/>
  <testcase name="drawHitLeft()" classname="com.CrossingGuardJoe.ViewerTest.elements.JoeViewTest" time="0.004"/>
  <testcase name="drawStand()" classname="com.CrossingGuardJoe.ViewerTest.elements.JoeViewTest" time="0.003"/>
  <testcase name="drawHitRight()" classname="com.CrossingGuardJoe.ViewerTest.elements.JoeViewTest" time="0.004"/>
  <system-out><![CDATA[]]></system-out>
  <system-err><![CDATA[]]></system-err>
</testsuite>
