<?xml version="1.0" encoding="UTF-8"?>
<testsuite name="com.CrossingGuardJoe.ModelTest.menu.StatsMenuTest" tests="4" skipped="0" failures="0" errors="0" timestamp="2023-12-14T23:15:36" hostname="chill" time="0.007">
  <properties/>
  <testcase name="testGetHighestLevel()" classname="com.CrossingGuardJoe.ModelTest.menu.StatsMenuTest" time="0.001"/>
  <testcase name="testGetHighestScore()" classname="com.CrossingGuardJoe.ModelTest.menu.StatsMenuTest" time="0.001"/>
  <testcase name="testGetCurrentLevel()" classname="com.CrossingGuardJoe.ModelTest.menu.StatsMenuTest" time="0.001"/>
  <testcase name="testGetCurrentScore()" classname="com.CrossingGuardJoe.ModelTest.menu.StatsMenuTest" time="0.001"/>
  <system-out><![CDATA[]]></system-out>
  <system-err><![CDATA[]]></system-err>
</testsuite>
