<?xml version="1.0" encoding="UTF-8"?>
<testsuite name="com.CrossingGuardJoe.GUITest.LanternaGUITest" tests="12" skipped="0" failures="0" errors="0" timestamp="2023-12-14T23:15:35" hostname="chill" time="0.397">
  <properties/>
  <testcase name="testDrawImageCustomColor()" classname="com.CrossingGuardJoe.GUITest.LanternaGUITest" time="0.109"/>
  <testcase name="testCloseScreen()" classname="com.CrossingGuardJoe.GUITest.LanternaGUITest" time="0.002"/>
  <testcase name="testGetNextAction()" classname="com.CrossingGuardJoe.GUITest.LanternaGUITest" time="0.036"/>
  <testcase name="testDrawText()" classname="com.CrossingGuardJoe.GUITest.LanternaGUITest" time="0.216"/>
  <testcase name="testSetBackgroundColor()" classname="com.CrossingGuardJoe.GUITest.LanternaGUITest" time="0.003"/>
  <testcase name="testRefreshScreen()" classname="com.CrossingGuardJoe.GUITest.LanternaGUITest" time="0.002"/>
  <testcase name="testAddAndGetColorMapping()" classname="com.CrossingGuardJoe.GUITest.LanternaGUITest" time="0.001"/>
  <testcase name="testDrawImage()" classname="com.CrossingGuardJoe.GUITest.LanternaGUITest" time="0.005"/>
  <testcase name="testFillRectangle()" classname="com.CrossingGuardJoe.GUITest.LanternaGUITest" time="0.003"/>
  <testcase name="testSetColorHexaCode()" classname="com.CrossingGuardJoe.GUITest.LanternaGUITest" time="0.002"/>
  <testcase name="testClearScreen()" classname="com.CrossingGuardJoe.GUITest.LanternaGUITest" time="0.002"/>
  <testcase name="testSetColor()" classname="com.CrossingGuardJoe.GUITest.LanternaGUITest" time="0.002"/>
  <system-out><![CDATA[]]></system-out>
  <system-err><![CDATA[]]></system-err>
</testsuite>
