<?xml version="1.0" encoding="UTF-8"?>
<testsuite name="com.CrossingGuardJoe.ModelTest.menu.MenuTest" tests="5" skipped="0" failures="0" errors="0" timestamp="2023-12-14T23:15:36" hostname="chill" time="0.012">
  <properties/>
  <testcase name="testNavigateDown()" classname="com.CrossingGuardJoe.ModelTest.menu.MenuTest" time="0.001"/>
  <testcase name="testNavigateUp()" classname="com.CrossingGuardJoe.ModelTest.menu.MenuTest" time="0.001"/>
  <testcase name="testGetOption()" classname="com.CrossingGuardJoe.ModelTest.menu.MenuTest" time="0.001"/>
  <testcase name="testNavigateRightAndLeft()" classname="com.CrossingGuardJoe.ModelTest.menu.MenuTest" time="0.003"/>
  <testcase name="testMenuCreation()" classname="com.CrossingGuardJoe.ModelTest.menu.MenuTest" time="0.001"/>
  <system-out><![CDATA[]]></system-out>
  <system-err><![CDATA[]]></system-err>
</testsuite>
