<?xml version="1.0" encoding="UTF-8"?>
<testsuite name="com.CrossingGuardJoe.ControllerTest.menu.MenuControllerTest" tests="5" skipped="0" failures="0" errors="0" timestamp="2023-12-14T23:15:35" hostname="chill" time="0.09">
  <properties/>
  <testcase name="testNextActionUp()" classname="com.CrossingGuardJoe.ControllerTest.menu.MenuControllerTest" time="0.037"/>
  <testcase name="testNextActionDown()" classname="com.CrossingGuardJoe.ControllerTest.menu.MenuControllerTest" time="0.003"/>
  <testcase name="testNextActionSelectInstructions()" classname="com.CrossingGuardJoe.ControllerTest.menu.MenuControllerTest" time="0.012"/>
  <testcase name="testNextActionSelectCustomize()" classname="com.CrossingGuardJoe.ControllerTest.menu.MenuControllerTest" time="0.009"/>
  <testcase name="testNextActionSelectStartGame()" classname="com.CrossingGuardJoe.ControllerTest.menu.MenuControllerTest" time="0.023"/>
  <system-out><![CDATA[]]></system-out>
  <system-err><![CDATA[]]></system-err>
</testsuite>
