<?xml version="1.0" encoding="UTF-8"?>
<testsuite name="com.CrossingGuardJoe.ViewerTest.menu.InstructionsMenuViewerTest" tests="8" skipped="0" failures="0" errors="0" timestamp="2023-12-14T23:15:36" hostname="chill" time="0.079">
  <properties/>
  <testcase name="titleDraw()" classname="com.CrossingGuardJoe.ViewerTest.menu.InstructionsMenuViewerTest" time="0.002"/>
  <testcase name="testDrawPageThree()" classname="com.CrossingGuardJoe.ViewerTest.menu.InstructionsMenuViewerTest" time="0.008"/>
  <testcase name="informationLastPageDraw()" classname="com.CrossingGuardJoe.ViewerTest.menu.InstructionsMenuViewerTest" time="0.021"/>
  <testcase name="testDrawPageFive()" classname="com.CrossingGuardJoe.ViewerTest.menu.InstructionsMenuViewerTest" time="0.006"/>
  <testcase name="testDrawPageFour()" classname="com.CrossingGuardJoe.ViewerTest.menu.InstructionsMenuViewerTest" time="0.008"/>
  <testcase name="informationDraw()" classname="com.CrossingGuardJoe.ViewerTest.menu.InstructionsMenuViewerTest" time="0.007"/>
  <testcase name="testDrawPageOne()" classname="com.CrossingGuardJoe.ViewerTest.menu.InstructionsMenuViewerTest" time="0.007"/>
  <testcase name="testDrawPageTwo()" classname="com.CrossingGuardJoe.ViewerTest.menu.InstructionsMenuViewerTest" time="0.009"/>
  <system-out><![CDATA[]]></system-out>
  <system-err><![CDATA[]]></system-err>
</testsuite>
