<?xml version="1.0" encoding="UTF-8"?>
<testsuite name="com.CrossingGuardJoe.GUITest.ActionTest" tests="1" skipped="0" failures="0" errors="0" timestamp="2023-12-14T23:15:35" hostname="chill" time="0.002">
  <properties/>
  <testcase name="testEnumValuesExistence()" classname="com.CrossingGuardJoe.GUITest.ActionTest" time="0.002"/>
  <system-out><![CDATA[]]></system-out>
  <system-err><![CDATA[]]></system-err>
</testsuite>
