<?xml version="1.0" encoding="UTF-8"?>
<testsuite name="com.CrossingGuardJoe.ModelTest.menu.PauseMenuTest" tests="11" skipped="0" failures="0" errors="0" timestamp="2023-12-14T23:15:36" hostname="chill" time="0.031">
  <properties/>
  <testcase name="testGetCurrentGame()" classname="com.CrossingGuardJoe.ModelTest.menu.PauseMenuTest" time="0.002"/>
  <testcase name="testIsSelectedStats()" classname="com.CrossingGuardJoe.ModelTest.menu.PauseMenuTest" time="0.002"/>
  <testcase name="testIsSelectedResume()" classname="com.CrossingGuardJoe.ModelTest.menu.PauseMenuTest" time="0.002"/>
  <testcase name="testNavigateDown()" classname="com.CrossingGuardJoe.ModelTest.menu.PauseMenuTest" time="0.002"/>
  <testcase name="testIsSelectedExit()" classname="com.CrossingGuardJoe.ModelTest.menu.PauseMenuTest" time="0.001"/>
  <testcase name="testNavigateDownAtLastOption()" classname="com.CrossingGuardJoe.ModelTest.menu.PauseMenuTest" time="0.002"/>
  <testcase name="testNavigateUpAtFirstOption()" classname="com.CrossingGuardJoe.ModelTest.menu.PauseMenuTest" time="0.001"/>
  <testcase name="testGetNumberOptions()" classname="com.CrossingGuardJoe.ModelTest.menu.PauseMenuTest" time="0.002"/>
  <testcase name="testNavigateUp()" classname="com.CrossingGuardJoe.ModelTest.menu.PauseMenuTest" time="0.002"/>
  <testcase name="testGetOption()" classname="com.CrossingGuardJoe.ModelTest.menu.PauseMenuTest" time="0.002"/>
  <testcase name="testNavigateRightAndLeft()" classname="com.CrossingGuardJoe.ModelTest.menu.PauseMenuTest" time="0.003"/>
  <system-out><![CDATA[]]></system-out>
  <system-err><![CDATA[]]></system-err>
</testsuite>
