<?xml version="1.0" encoding="UTF-8"?>
<testsuite name="com.CrossingGuardJoe.ViewerTest.ColorTest" tests="5" skipped="0" failures="0" errors="0" timestamp="2023-12-14T23:15:36" hostname="chill" time="0.016">
  <properties/>
  <testcase name="testGetCharacter()" classname="com.CrossingGuardJoe.ViewerTest.ColorTest" time="0.007"/>
  <testcase name="testGetColor()" classname="com.CrossingGuardJoe.ViewerTest.ColorTest" time="0.001"/>
  <testcase name="testAllColors()" classname="com.CrossingGuardJoe.ViewerTest.ColorTest" time="0.001"/>
  <testcase name="testGetColorHexCode()" classname="com.CrossingGuardJoe.ViewerTest.ColorTest" time="0.001"/>
  <testcase name="testNullColor()" classname="com.CrossingGuardJoe.ViewerTest.ColorTest" time="0.002"/>
  <system-out><![CDATA[]]></system-out>
  <system-err><![CDATA[]]></system-err>
</testsuite>
