<?xml version="1.0" encoding="UTF-8"?>
<testsuite name="com.CrossingGuardJoe.ViewerTest.menu.CustomizeMenuViewerTest" tests="5" skipped="0" failures="0" errors="0" timestamp="2023-12-14T23:15:36" hostname="chill" time="0.069">
  <properties/>
  <testcase name="testDrawElementsJoe()" classname="com.CrossingGuardJoe.ViewerTest.menu.CustomizeMenuViewerTest" time="0.014"/>
  <testcase name="testDrawTitle()" classname="com.CrossingGuardJoe.ViewerTest.menu.CustomizeMenuViewerTest" time="0.004"/>
  <testcase name="testDrawElementsCars()" classname="com.CrossingGuardJoe.ViewerTest.menu.CustomizeMenuViewerTest" time="0.017"/>
  <testcase name="testDrawElementsKids()" classname="com.CrossingGuardJoe.ViewerTest.menu.CustomizeMenuViewerTest" time="0.021"/>
  <testcase name="testDrawInformation()" classname="com.CrossingGuardJoe.ViewerTest.menu.CustomizeMenuViewerTest" time="0.006"/>
  <system-out><![CDATA[]]></system-out>
  <system-err><![CDATA[]]></system-err>
</testsuite>
